-------------------------------------------------------------------------------
Test set: com.cts.junit.testcases.Testpattern
-------------------------------------------------------------------------------
Tests run: 1, Failures: 1, Errors: 0, Skipped: 0, Time elapsed: 0.003 s <<< FAILURE! - in com.cts.junit.testcases.Testpattern
testPattern(com.cts.junit.testcases.Testpattern)  Time elapsed: 0.003 s  <<< FAILURE!
org.junit.ComparisonFailure: expected:<[* ** ***]> but was:<[ ]>
	at com.cts.junit.testcases.Testpattern.testPattern(Testpattern.java:17)

